<?xml version="1.0" encoding="UTF-8"?>
<!-- Generated by org.testng.reporters.JUnitXMLReporter -->
<testsuite ignored="0" hostname="KGNLP" failures="0" tests="5" name="Default test" time="16.059" errors="0" timestamp="2022-06-09T17:42:00 CDT">
  <testcase classname="com.test.tests.EndToEndTesting" name="TC_001_validLogin" time="4.955"/>
  <testcase classname="com.test.tests.EndToEndTesting" name="TC_002_addUserData" time="1.037"/>
  <testcase classname="com.test.tests.EndToEndTesting" name="TC_003_getUserData" time="7.731"/>
  <testcase classname="com.test.tests.EndToEndTesting" name="TC_004_updateUserData" time="1.939"/>
  <testcase classname="com.test.tests.EndToEndTesting" name="TC_005_deleteUserData" time="0.297"/>
</testsuite> <!-- Default test -->
