<?xml version="1.0" encoding="UTF-8"?>
<!-- Generated by org.testng.reporters.JUnitXMLReporter -->
<testsuite ignored="0" hostname="KGNLP" failures="0" tests="5" name="Default test" time="21.659" errors="0" timestamp="2022-06-09T16:03:56 CDT">
  <testcase classname="com.test.tests.EndToEndTesting" name="TC_001_validLogin" time="5.018"/>
  <testcase classname="com.test.tests.EndToEndTesting" name="TC_002_addUserData" time="1.538"/>
  <testcase classname="com.test.tests.EndToEndTesting" name="TC_003_getUserData" time="11.661"/>
  <testcase classname="com.test.tests.EndToEndTesting" name="TC_004_updateUserData" time="2.979"/>
  <testcase classname="com.test.tests.EndToEndTesting" name="TC_005_deleteUserData" time="0.343"/>
</testsuite> <!-- Default test -->
